<?xml version="1.0" encoding="UTF-8"?>
<!-- Generated by org.testng.reporters.JUnitXMLReporter -->
<testsuite hostname="BG4WS1418" name="Test" tests="3" failures="2" timestamp="21 Dec 2018 09:39:15 GMT" time="97.51" errors="0">
  <testcase name="TC_01" time="20.525" classname="com.Driver.Driver"/>
  <testcase name="TC_02" time="21.209" classname="com.Driver.Driver">
    <failure type="java.lang.AssertionError" message="test assert failure&amp;apos; DOES NOT match with actual value &amp;apos;false">
      <![CDATA[java.lang.AssertionError: test assert failure' DOES NOT match with actual value 'false
	at com.testng.SonnetTestNGAssertions.throwException(SonnetTestNGAssertions.java:279)
	at com.testng.SonnetTestNGAssertions.equals(SonnetTestNGAssertions.java:77)
	at com.pom.OrangehrmLogin.AssertFail(OrangehrmLogin.java:35)
	at com.Driver.Driver.TC_02(Driver.java:47)
... Removed 24 stack frames]]>
    </failure>
  </testcase> <!-- TC_02 -->
  <testcase name="TC_03" time="44.099" classname="com.Driver.Driver">
    <failure type="org.openqa.selenium.NoSuchElementException" message="By.id: txtUsername  - element NOT found...
For documentation on this error, please visit: http://seleniumhq.org/exceptions/no_such_element.html
Build info: version: &amp;apos;2.44.0&amp;apos;, revision: &amp;apos;76d78cf&amp;apos;, time: &amp;apos;2014-10-23 20:02:37&amp;apos;
System info: host: &amp;apos;BG4WS1418&amp;apos;, ip: &amp;apos;172.29.80.37&amp;apos;, os.name: &amp;apos;Windows 10&amp;apos;, os.arch: &amp;apos;amd64&amp;apos;, os.version: &amp;apos;10.0&amp;apos;, java.version: &amp;apos;1.8.0_192&amp;apos;
Driver info: driver.version: Driver">
      <![CDATA[org.openqa.selenium.NoSuchElementException: By.id: txtUsername  - element NOT found...
For documentation on this error, please visit: http://seleniumhq.org/exceptions/no_such_element.html
Build info: version: '2.44.0', revision: '76d78cf', time: '2014-10-23 20:02:37'
System info: host: 'BG4WS1418', ip: '172.29.80.37', os.name: 'Windows 10', os.arch: 'amd64', os.version: '10.0', java.version: '1.8.0_192'
Driver info: driver.version: Driver
	at test.webdriver.SonnetAction.sendKeys(SonnetAction.java:81)
	at com.pom.OrangehrmLogin.InvalidPassword(OrangehrmLogin.java:23)
	at com.Driver.Driver.TC_03(Driver.java:54)
... Removed 24 stack frames]]>
    </failure>
  </testcase> <!-- TC_03 -->
</testsuite> <!-- Test -->
