<!DOCTYPE html PUBLIC "-//W3C//DTD XHTML 1.1//EN" "http://www.w3.org/TR/xhtml11/DTD/xhtml11.dtd">
<html xmlns="http://www.w3.org/1999/xhtml"><head><title>TestNG Report</title><style type="text/css">table {margin-bottom:10px;border-collapse:collapse;empty-cells:show}th,td {border:1px solid #009;padding:.25em .5em}th {vertical-align:bottom}td {vertical-align:top}table a {font-weight:bold}.stripe td {background-color: #E6EBF9}.num {text-align:right}.passedodd td {background-color: #3F3}.passedeven td {background-color: #0A0}.skippedodd td {background-color: #DDD}.skippedeven td {background-color: #CCC}.failedodd td,.attn {background-color: #F33}.failedeven td,.stripe .attn {background-color: #D00}.stacktrace {white-space:pre;font-family:monospace}.totop {font-size:85%;text-align:center;border-bottom:2px solid #000}</style></head><body><table><tr><th>Test</th><th># Passed</th><th># Skipped</th><th># Failed</th><th>Time (ms)</th><th>Included Groups</th><th>Excluded Groups</th></tr><tr><th colspan="7">Suite</th></tr><tr><td><a href="#t0">Test</a></td><td class="num">1</td><td class="num">0</td><td class="num attn">2</td><td class="num">97,510</td><td></td><td></td></tr></table><table><thead><tr><th>Class</th><th>Method</th><th>Start</th><th>Time (ms)</th></tr></thead><tbody><tr><th colspan="4">Suite</th></tr></tbody><tbody id="t0"><tr><th colspan="4">Test &#8212; failed</th></tr><tr class="failedeven"><td rowspan="2">com.Driver.Driver</td><td><a href="#m0">TC_02</a></td><td rowspan="1">1545385084942</td><td rowspan="1">21209</td></tr><tr class="failedeven"><td><a href="#m1">TC_03</a></td><td rowspan="1">1545385109972</td><td rowspan="1">44099</td></tr><tr><th colspan="4">Test &#8212; passed</th></tr><tr class="passedeven"><td rowspan="1">com.Driver.Driver</td><td><a href="#m2">TC_01</a></td><td rowspan="1">1545385060608</td><td rowspan="1">20525</td></tr></tbody></table><h2>Test</h2><h3 id="m0">com.Driver.Driver#TC_02</h3><table class="result"><tr><th>Exception</th></tr><tr><td><div class="stacktrace">java.lang.AssertionError: test assert failure&apos; DOES NOT match with actual value &apos;false
	at com.testng.SonnetTestNGAssertions.throwException(SonnetTestNGAssertions.java:279)
	at com.testng.SonnetTestNGAssertions.equals(SonnetTestNGAssertions.java:77)
	at com.pom.OrangehrmLogin.AssertFail(OrangehrmLogin.java:35)
	at com.Driver.Driver.TC_02(Driver.java:47)
... Removed 24 stack frames</div></td></tr></table><p class="totop"><a href="#summary">back to summary</a></p><h3 id="m1">com.Driver.Driver#TC_03</h3><table class="result"><tr><th>Exception</th></tr><tr><td><div class="stacktrace">org.openqa.selenium.NoSuchElementException: By.id: txtUsername  - element NOT found...
For documentation on this error, please visit: http://seleniumhq.org/exceptions/no_such_element.html
Build info: version: &apos;2.44.0&apos;, revision: &apos;76d78cf&apos;, time: &apos;2014-10-23 20:02:37&apos;
System info: host: &apos;BG4WS1418&apos;, ip: &apos;172.29.80.37&apos;, os.name: &apos;Windows 10&apos;, os.arch: &apos;amd64&apos;, os.version: &apos;10.0&apos;, java.version: &apos;1.8.0_192&apos;
Driver info: driver.version: Driver
	at test.webdriver.SonnetAction.sendKeys(SonnetAction.java:81)
	at com.pom.OrangehrmLogin.InvalidPassword(OrangehrmLogin.java:23)
	at com.Driver.Driver.TC_03(Driver.java:54)
... Removed 24 stack frames</div></td></tr></table><p class="totop"><a href="#summary">back to summary</a></p><h3 id="m2">com.Driver.Driver#TC_01</h3><table class="result"></table><p class="totop"><a href="#summary">back to summary</a></p></body></html>