<?xml version="1.0" encoding="UTF-8"?>
<testng-results skipped="0" failed="2" total="3" passed="1">
  <reporter-output>
  </reporter-output>
  <suite name="Suite" duration-ms="97510" started-at="2018-12-21T09:37:37Z" finished-at="2018-12-21T09:39:15Z">
    <groups>
    </groups>
    <test name="Test" duration-ms="97510" started-at="2018-12-21T09:37:37Z" finished-at="2018-12-21T09:39:15Z">
      <class name="com.Driver.Driver">
        <test-method status="PASS" signature="openBrowser()[pri:0, instance:com.Driver.Driver@589838eb]" name="openBrowser" is-config="true" duration-ms="2998" started-at="2018-12-21T15:07:37Z" finished-at="2018-12-21T15:07:40Z">
          <reporter-output>
          </reporter-output>
        </test-method> <!-- openBrowser -->
        <test-method status="PASS" signature="TC_01()[pri:0, instance:com.Driver.Driver@589838eb]" name="TC_01" duration-ms="20525" started-at="2018-12-21T15:07:40Z" finished-at="2018-12-21T15:08:01Z">
          <reporter-output>
          </reporter-output>
        </test-method> <!-- TC_01 -->
        <test-method status="PASS" signature="exit()[pri:0, instance:com.Driver.Driver@589838eb]" name="exit" is-config="true" duration-ms="1167" started-at="2018-12-21T15:08:01Z" finished-at="2018-12-21T15:08:02Z">
          <reporter-output>
          </reporter-output>
        </test-method> <!-- exit -->
        <test-method status="PASS" signature="openBrowser()[pri:0, instance:com.Driver.Driver@589838eb]" name="openBrowser" is-config="true" duration-ms="2640" started-at="2018-12-21T15:08:02Z" finished-at="2018-12-21T15:08:04Z">
          <reporter-output>
          </reporter-output>
        </test-method> <!-- openBrowser -->
        <test-method status="FAIL" signature="TC_02()[pri:0, instance:com.Driver.Driver@589838eb]" name="TC_02" duration-ms="21209" started-at="2018-12-21T15:08:04Z" finished-at="2018-12-21T15:08:26Z">
          <exception class="java.lang.AssertionError">
            <message>
              <![CDATA[test assert failure' DOES NOT match with actual value 'false]]>
            </message>
            <full-stacktrace>
              <![CDATA[java.lang.AssertionError: test assert failure' DOES NOT match with actual value 'false
	at com.testng.SonnetTestNGAssertions.throwException(SonnetTestNGAssertions.java:279)
	at com.testng.SonnetTestNGAssertions.equals(SonnetTestNGAssertions.java:77)
	at com.pom.OrangehrmLogin.AssertFail(OrangehrmLogin.java:35)
	at com.Driver.Driver.TC_02(Driver.java:47)
	at sun.reflect.NativeMethodAccessorImpl.invoke0(Native Method)
	at sun.reflect.NativeMethodAccessorImpl.invoke(Unknown Source)
	at sun.reflect.DelegatingMethodAccessorImpl.invoke(Unknown Source)
	at java.lang.reflect.Method.invoke(Unknown Source)
	at org.testng.internal.MethodInvocationHelper.invokeMethod(MethodInvocationHelper.java:84)
	at org.testng.internal.Invoker.invokeMethod(Invoker.java:714)
	at org.testng.internal.Invoker.invokeTestMethod(Invoker.java:901)
	at org.testng.internal.Invoker.invokeTestMethods(Invoker.java:1231)
	at org.testng.internal.TestMethodWorker.invokeTestMethods(TestMethodWorker.java:127)
	at org.testng.internal.TestMethodWorker.run(TestMethodWorker.java:111)
	at org.testng.TestRunner.privateRun(TestRunner.java:767)
	at org.testng.TestRunner.run(TestRunner.java:617)
	at org.testng.SuiteRunner.runTest(SuiteRunner.java:334)
	at org.testng.SuiteRunner.runSequentially(SuiteRunner.java:329)
	at org.testng.SuiteRunner.privateRun(SuiteRunner.java:291)
	at org.testng.SuiteRunner.run(SuiteRunner.java:240)
	at org.testng.SuiteRunnerWorker.runSuite(SuiteRunnerWorker.java:52)
	at org.testng.SuiteRunnerWorker.run(SuiteRunnerWorker.java:86)
	at org.testng.TestNG.runSuitesSequentially(TestNG.java:1224)
	at org.testng.TestNG.runSuitesLocally(TestNG.java:1149)
	at org.testng.TestNG.run(TestNG.java:1057)
	at org.testng.remote.AbstractRemoteTestNG.run(AbstractRemoteTestNG.java:114)
	at org.testng.remote.RemoteTestNG.initAndRun(RemoteTestNG.java:251)
	at org.testng.remote.RemoteTestNG.main(RemoteTestNG.java:77)
]]>
            </full-stacktrace>
          </exception> <!-- java.lang.AssertionError -->
          <reporter-output>
          </reporter-output>
        </test-method> <!-- TC_02 -->
        <test-method status="PASS" signature="exit()[pri:0, instance:com.Driver.Driver@589838eb]" name="exit" is-config="true" duration-ms="1165" started-at="2018-12-21T15:08:26Z" finished-at="2018-12-21T15:08:27Z">
          <reporter-output>
          </reporter-output>
        </test-method> <!-- exit -->
        <test-method status="PASS" signature="openBrowser()[pri:0, instance:com.Driver.Driver@589838eb]" name="openBrowser" is-config="true" duration-ms="2653" started-at="2018-12-21T15:08:27Z" finished-at="2018-12-21T15:08:29Z">
          <reporter-output>
          </reporter-output>
        </test-method> <!-- openBrowser -->
        <test-method status="FAIL" signature="TC_03()[pri:0, instance:com.Driver.Driver@589838eb]" name="TC_03" duration-ms="44099" started-at="2018-12-21T15:08:29Z" finished-at="2018-12-21T15:09:14Z">
          <exception class="org.openqa.selenium.NoSuchElementException">
            <message>
              <![CDATA[By.id: txtUsername  - element NOT found...
For documentation on this error, please visit: http://seleniumhq.org/exceptions/no_such_element.html
Build info: version: '2.44.0', revision: '76d78cf', time: '2014-10-23 20:02:37'
System info: host: 'BG4WS1418', ip: '172.29.80.37', os.name: 'Windows 10', os.arch: 'amd64', os.version: '10.0', java.version: '1.8.0_192'
Driver info: driver.version: Driver]]>
            </message>
            <full-stacktrace>
              <![CDATA[org.openqa.selenium.NoSuchElementException: By.id: txtUsername  - element NOT found...
For documentation on this error, please visit: http://seleniumhq.org/exceptions/no_such_element.html
Build info: version: '2.44.0', revision: '76d78cf', time: '2014-10-23 20:02:37'
System info: host: 'BG4WS1418', ip: '172.29.80.37', os.name: 'Windows 10', os.arch: 'amd64', os.version: '10.0', java.version: '1.8.0_192'
Driver info: driver.version: Driver
	at test.webdriver.SonnetAction.sendKeys(SonnetAction.java:81)
	at com.pom.OrangehrmLogin.InvalidPassword(OrangehrmLogin.java:23)
	at com.Driver.Driver.TC_03(Driver.java:54)
	at sun.reflect.NativeMethodAccessorImpl.invoke0(Native Method)
	at sun.reflect.NativeMethodAccessorImpl.invoke(Unknown Source)
	at sun.reflect.DelegatingMethodAccessorImpl.invoke(Unknown Source)
	at java.lang.reflect.Method.invoke(Unknown Source)
	at org.testng.internal.MethodInvocationHelper.invokeMethod(MethodInvocationHelper.java:84)
	at org.testng.internal.Invoker.invokeMethod(Invoker.java:714)
	at org.testng.internal.Invoker.invokeTestMethod(Invoker.java:901)
	at org.testng.internal.Invoker.invokeTestMethods(Invoker.java:1231)
	at org.testng.internal.TestMethodWorker.invokeTestMethods(TestMethodWorker.java:127)
	at org.testng.internal.TestMethodWorker.run(TestMethodWorker.java:111)
	at org.testng.TestRunner.privateRun(TestRunner.java:767)
	at org.testng.TestRunner.run(TestRunner.java:617)
	at org.testng.SuiteRunner.runTest(SuiteRunner.java:334)
	at org.testng.SuiteRunner.runSequentially(SuiteRunner.java:329)
	at org.testng.SuiteRunner.privateRun(SuiteRunner.java:291)
	at org.testng.SuiteRunner.run(SuiteRunner.java:240)
	at org.testng.SuiteRunnerWorker.runSuite(SuiteRunnerWorker.java:52)
	at org.testng.SuiteRunnerWorker.run(SuiteRunnerWorker.java:86)
	at org.testng.TestNG.runSuitesSequentially(TestNG.java:1224)
	at org.testng.TestNG.runSuitesLocally(TestNG.java:1149)
	at org.testng.TestNG.run(TestNG.java:1057)
	at org.testng.remote.AbstractRemoteTestNG.run(AbstractRemoteTestNG.java:114)
	at org.testng.remote.RemoteTestNG.initAndRun(RemoteTestNG.java:251)
	at org.testng.remote.RemoteTestNG.main(RemoteTestNG.java:77)
]]>
            </full-stacktrace>
          </exception> <!-- org.openqa.selenium.NoSuchElementException -->
          <reporter-output>
          </reporter-output>
        </test-method> <!-- TC_03 -->
        <test-method status="PASS" signature="exit()[pri:0, instance:com.Driver.Driver@589838eb]" name="exit" is-config="true" duration-ms="1033" started-at="2018-12-21T15:09:14Z" finished-at="2018-12-21T15:09:15Z">
          <reporter-output>
          </reporter-output>
        </test-method> <!-- exit -->
      </class> <!-- com.Driver.Driver -->
    </test> <!-- Test -->
  </suite> <!-- Suite -->
</testng-results>
